{"C:\\Users\\MateoGilMartinez\\Desktop\\qapacker\\FizzBuzz-unit-Testing\\src\\FIzzBuzz.js": {"path":"C:\\Users\\MateoGilMartinez\\Desktop\\qapacker\\FizzBuzz-unit-Testing\\src\\FIzzBuzz.js","statementMap":{"0":{"start":{"line":2,"column":4},"end":{"line":10,"column":5}},"1":{"start":{"line":3,"column":6},"end":{"line":3,"column":24}},"2":{"start":{"line":4,"column":11},"end":{"line":10,"column":5}},"3":{"start":{"line":5,"column":6},"end":{"line":5,"column":20}},"4":{"start":{"line":6,"column":11},"end":{"line":10,"column":5}},"5":{"start":{"line":7,"column":6},"end":{"line":7,"column":20}},"6":{"start":{"line":9,"column":6},"end":{"line":9,"column":17}},"7":{"start":{"line":13,"column":2},"end":{"line":13,"column":28}}},"fnMap":{"0":{"name":"fizzBuzz","decl":{"start":{"line":1,"column":9},"end":{"line":1,"column":17}},"loc":{"start":{"line":1,"column":23},"end":{"line":11,"column":3}},"line":1}},"branchMap":{"0":{"loc":{"start":{"line":2,"column":4},"end":{"line":10,"column":5}},"type":"if","locations":[{"start":{"line":2,"column":4},"end":{"line":10,"column":5}},{"start":{"line":4,"column":11},"end":{"line":10,"column":5}}],"line":2},"1":{"loc":{"start":{"line":2,"column":8},"end":{"line":2,"column":38}},"type":"binary-expr","locations":[{"start":{"line":2,"column":8},"end":{"line":2,"column":21}},{"start":{"line":2,"column":25},"end":{"line":2,"column":38}}],"line":2},"2":{"loc":{"start":{"line":4,"column":11},"end":{"line":10,"column":5}},"type":"if","locations":[{"start":{"line":4,"column":11},"end":{"line":10,"column":5}},{"start":{"line":6,"column":11},"end":{"line":10,"column":5}}],"line":4},"3":{"loc":{"start":{"line":6,"column":11},"end":{"line":10,"column":5}},"type":"if","locations":[{"start":{"line":6,"column":11},"end":{"line":10,"column":5}},{"start":{"line":8,"column":11},"end":{"line":10,"column":5}}],"line":6}},"s":{"0":10,"1":2,"2":8,"3":2,"4":6,"5":2,"6":4,"7":1},"f":{"0":10},"b":{"0":[2,8],"1":[10,4],"2":[2,6],"3":[2,4]},"_coverageSchema":"1a1c01bbd47fc00a2c39e90264f33305004495a9","hash":"96cba2a33b6ad160b967bbe74be0c348870a3f2f"}
}
